<?xml version="1.0" encoding="UTF-8"?>
<!-- Generated by org.testng.reporters.JUnitXMLReporter -->
<testsuite hostname="360NDCLP093" ignored="26" name="Default test" tests="1" failures="1" timestamp="23 Jan 2019 10:13:00 GMT" time="189.489" errors="0">
  <testcase name="searchWithPopularTypesIconAndAssertResultPage" time="183.411" classname="com.trader.scripts.rvtrader.SmokeTest">
    <failure type="java.lang.AssertionError" message="expected [true] but found [false]">
      <![CDATA[java.lang.AssertionError: expected [true] but found [false]
at org.testng.Assert.fail(Assert.java:96)
at org.testng.Assert.failNotEquals(Assert.java:776)
at org.testng.Assert.assertTrue(Assert.java:44)
at org.testng.Assert.assertTrue(Assert.java:54)
at com.trader.pagehelper.HomeHelper.clickOnStateIconAndAssertResultPage(HomeHelper.java:764)
at com.trader.scripts.rvtrader.SmokeTest.searchWithPopularTypesIconAndAssertResultPage(SmokeTest.java:376)
at sun.reflect.NativeMethodAccessorImpl.invoke0(Native Method)
at sun.reflect.NativeMethodAccessorImpl.invoke(Unknown Source)
at sun.reflect.DelegatingMethodAccessorImpl.invoke(Unknown Source)
at java.lang.reflect.Method.invoke(Unknown Source)
at org.testng.internal.MethodInvocationHelper.invokeMethod(MethodInvocationHelper.java:124)
at org.testng.internal.Invoker.invokeMethod(Invoker.java:583)
at org.testng.internal.Invoker.invokeTestMethod(Invoker.java:719)
at org.testng.internal.Invoker.invokeTestMethods(Invoker.java:989)
at org.testng.internal.TestMethodWorker.invokeTestMethods(TestMethodWorker.java:125)
at org.testng.internal.TestMethodWorker.run(TestMethodWorker.java:109)
at org.testng.TestRunner.privateRun(TestRunner.java:648)
at org.testng.TestRunner.run(TestRunner.java:505)
at org.testng.SuiteRunner.runTest(SuiteRunner.java:455)
at org.testng.SuiteRunner.runSequentially(SuiteRunner.java:450)
at org.testng.SuiteRunner.privateRun(SuiteRunner.java:415)
at org.testng.SuiteRunner.run(SuiteRunner.java:364)
at org.testng.SuiteRunnerWorker.runSuite(SuiteRunnerWorker.java:52)
at org.testng.SuiteRunnerWorker.run(SuiteRunnerWorker.java:84)
at org.testng.TestNG.runSuitesSequentially(TestNG.java:1208)
at org.testng.TestNG.runSuitesLocally(TestNG.java:1137)
at org.testng.TestNG.runSuites(TestNG.java:1049)
at org.testng.TestNG.run(TestNG.java:1017)
at org.testng.remote.AbstractRemoteTestNG.run(AbstractRemoteTestNG.java:114)
at org.testng.remote.RemoteTestNG.initAndRun(RemoteTestNG.java:251)
at org.testng.remote.RemoteTestNG.main(RemoteTestNG.java:77)
]]>
    </failure>
  </testcase> <!-- searchWithPopularTypesIconAndAssertResultPage -->
  <testcase name="verifyUnableToCreateAccountWithExistingEmail" time="0.0" classname="com.trader.scripts.rvtrader.SmokeTest">
    <ignored/>
  </testcase> <!-- verifyUnableToCreateAccountWithExistingEmail -->
  <testcase name="verifyAbleToSearchFromHome" time="0.0" classname="com.trader.scripts.rvtrader.SmokeTest">
    <ignored/>
  </testcase> <!-- verifyAbleToSearchFromHome -->
  <testcase name="verifyResultPageWhenClickOnTopTypesLinks" time="0.0" classname="com.trader.scripts.rvtrader.SmokeTest">
    <ignored/>
  </testcase> <!-- verifyResultPageWhenClickOnTopTypesLinks -->
  <testcase name="verifyMakeIconResultPageWhenClickingOnMakesIcon" time="0.0" classname="com.trader.scripts.rvtrader.SmokeTest">
    <ignored/>
  </testcase> <!-- verifyMakeIconResultPageWhenClickingOnMakesIcon -->
  <testcase name="verifyTopTraderModelSection" time="0.0" classname="com.trader.scripts.rvtrader.SmokeTest">
    <ignored/>
  </testcase> <!-- verifyTopTraderModelSection -->
  <testcase name="verifyAllMakesLinksWhenClickingOnBrowseAllMakes" time="0.0" classname="com.trader.scripts.rvtrader.SmokeTest">
    <ignored/>
  </testcase> <!-- verifyAllMakesLinksWhenClickingOnBrowseAllMakes -->
  <testcase name="verifyTopMakeLinksRedirectionAndAssertResultPage" time="0.0" classname="com.trader.scripts.rvtrader.SmokeTest">
    <ignored/>
  </testcase> <!-- verifyTopMakeLinksRedirectionAndAssertResultPage -->
  <testcase name="verifyLoginToApplication" time="0.0" classname="com.trader.scripts.rvtrader.SmokeTest">
    <ignored/>
  </testcase> <!-- verifyLoginToApplication -->
  <testcase name="verifyAdvancedSearchLinkAtHome" time="0.0" classname="com.trader.scripts.rvtrader.SmokeTest">
    <ignored/>
  </testcase> <!-- verifyAdvancedSearchLinkAtHome -->
  <testcase name="verifyAbleToSearchWithKeyWordZipCodeAndRadius" time="0.0" classname="com.trader.scripts.rvtrader.SmokeTest">
    <ignored/>
  </testcase> <!-- verifyAbleToSearchWithKeyWordZipCodeAndRadius -->
  <testcase name="verifySearchResultPageWhenClickOnSearchAllUnderPopularType" time="0.0" classname="com.trader.scripts.rvtrader.SmokeTest">
    <ignored/>
  </testcase> <!-- verifySearchResultPageWhenClickOnSearchAllUnderPopularType -->
  <testcase name="verifySearchAllIconRedirectingToMakePage" time="0.0" classname="com.trader.scripts.rvtrader.SmokeTest">
    <ignored/>
  </testcase> <!-- verifySearchAllIconRedirectingToMakePage -->
  <testcase name="verifyTopRVMakesSectionInFooter" time="0.0" classname="com.trader.scripts.rvtrader.SmokeTest">
    <ignored/>
  </testcase> <!-- verifyTopRVMakesSectionInFooter -->
  <testcase name="verifyAbleToAdvancedSearchWithKeyword" time="0.0" classname="com.trader.scripts.rvtrader.SmokeTest">
    <ignored/>
  </testcase> <!-- verifyAbleToAdvancedSearchWithKeyword -->
  <testcase name="verifyUnableToCreateAccountwithInvalidEmail" time="0.0" classname="com.trader.scripts.rvtrader.SmokeTest">
    <ignored/>
  </testcase> <!-- verifyUnableToCreateAccountwithInvalidEmail -->
  <testcase name="verifyMakeResultPageWhenClickingOnAnyMakeLinks" time="0.0" classname="com.trader.scripts.rvtrader.SmokeTest">
    <ignored/>
  </testcase> <!-- verifyMakeResultPageWhenClickingOnAnyMakeLinks -->
  <testcase name="verifyResultPageWhenClickOnStateLinksAtSaleByStatePage" time="0.0" classname="com.trader.scripts.rvtrader.SmokeTest">
    <ignored/>
  </testcase> <!-- verifyResultPageWhenClickOnStateLinksAtSaleByStatePage -->
  <testcase name="verifyAdvancedSearchWithAllRefineOptions" time="0.0" classname="com.trader.scripts.rvtrader.SmokeTest">
    <ignored/>
  </testcase> <!-- verifyAdvancedSearchWithAllRefineOptions -->
  <testcase name="verifyAbleToSearchWithLocation" time="0.0" classname="com.trader.scripts.rvtrader.SmokeTest">
    <ignored/>
  </testcase> <!-- verifyAbleToSearchWithLocation -->
  <testcase name="verifyTypesResultPageWhenClickOnPopularTypesIcon" time="0.0" classname="com.trader.scripts.rvtrader.SmokeTest">
    <ignored/>
  </testcase> <!-- verifyTypesResultPageWhenClickOnPopularTypesIcon -->
  <testcase name="verifyLoginWithInvalidCredentials" time="0.0" classname="com.trader.scripts.rvtrader.SmokeTest">
    <ignored/>
  </testcase> <!-- verifyLoginWithInvalidCredentials -->
  <testcase name="verifyAbleToCreateAccount" time="0.0" classname="com.trader.scripts.rvtrader.SmokeTest">
    <ignored/>
  </testcase> <!-- verifyAbleToCreateAccount -->
  <testcase name="assertTopTypesSection" time="0.0" classname="com.trader.scripts.rvtrader.SmokeTest">
    <ignored/>
  </testcase> <!-- assertTopTypesSection -->
  <testcase name="verifyResultPageWhenClickOnSearchAllUnderPopularState" time="0.0" classname="com.trader.scripts.rvtrader.SmokeTest">
    <ignored/>
  </testcase> <!-- verifyResultPageWhenClickOnSearchAllUnderPopularState -->
  <testcase name="verifyTopModelLinksRedirectionAndAssertResultPage" time="0.0" classname="com.trader.scripts.rvtrader.SmokeTest">
    <ignored/>
  </testcase> <!-- verifyTopModelLinksRedirectionAndAssertResultPage -->
  <testcase name="verifyRecentSearchLinkRediration" time="0.0" classname="com.trader.scripts.rvtrader.SmokeTest">
    <ignored/>
  </testcase> <!-- verifyRecentSearchLinkRediration -->
</testsuite> <!-- Default test -->
