<?xml version="1.0" encoding="UTF-8"?>
<!-- Generated by org.testng.reporters.JUnitReportReporter -->
<testsuite skipped="0" hostname="360NDCLP093" name="com.trader.scripts.HomePage" tests="46" failures="1" timestamp="14 Jan 2019 08:59:28 GMT" time="3061.169" errors="0">
  <testcase name="closeHamburgerList" time="18.210" classname="com.trader.scripts.HomePage"/>
  <testcase name="exploreLinksRedirectionAndAssertResultPage" time="13.243" classname="com.trader.scripts.HomePage"/>
  <testcase name="applicationLogoRedirectionInFooter" time="22.351" classname="com.trader.scripts.HomePage"/>
  <testcase name="sellYourMotorcycleOpenInNewPage" time="16.483" classname="com.trader.scripts.HomePage"/>
  <testcase name="findMotorCycleForSaleLinkRedirectionAndAssertResultPage" time="26.107" classname="com.trader.scripts.HomePage"/>
  <testcase name="footerLinksRediractionAndAssertResultPage" time="14.158" classname="com.trader.scripts.HomePage"/>
  <testcase name="searchWithMotorcycleDealerAndAssertResultPage" time="26.461" classname="com.trader.scripts.HomePage"/>
  <testcase name="assertLinksUnderHamburger" time="16.310" classname="com.trader.scripts.HomePage"/>
  <testcase name="assertSearchAndSellMotorcycleTabsAtHome" time="13.515" classname="com.trader.scripts.HomePage"/>
  <testcase name="searchAllIconWorkingUnderPopularMakesAndAssertResultPage" time="30.624" classname="com.trader.scripts.HomePage"/>
  <testcase name="traderAdffiliatesLinksAndAssertResullPages" time="422.703" classname="com.trader.scripts.HomePage"/>
  <testcase name="assertPopularMakesTypesAndStateTab" time="15.440" classname="com.trader.scripts.HomePage"/>
  <testcase name="buttonsRediractionUnderDealerFuelAndAssertResultPage" time="30.882" classname="com.trader.scripts.HomePage"/>
  <testcase name="findMotorcycleForSaleSection" time="15.238" classname="com.trader.scripts.HomePage"/>
  <testcase name="careerLinkRedirectionAndAssertResultPage" time="21.037" classname="com.trader.scripts.HomePage"/>
  <testcase name="topModelLinksRedirectionAndAssertResultPage" time="230.012" classname="com.trader.scripts.HomePage"/>
  <testcase name="clickOnLoginAndAssertLoginPage" time="21.782" classname="com.trader.scripts.HomePage"/>
  <testcase name="searchWithPopularMakesAndAssertResultPage" time="260.889" classname="com.trader.scripts.HomePage"/>
  <testcase name="searchWithPopularTypesIconAndAssertResultPage" time="170.652" classname="com.trader.scripts.HomePage"/>
  <testcase name="searchWithAdvancedSearchLinkAndAssertResultPage" time="27.242" classname="com.trader.scripts.HomePage"/>
  <testcase name="searchAllIconWorkingUnderPopularStateAndAssertResultPage" time="23.153" classname="com.trader.scripts.HomePage"/>
  <testcase name="searchWithRecentSearchLink" time="90.597" classname="com.trader.scripts.HomePage"/>
  <testcase name="assertKeywordFieldAutoSuggestion" time="20.623" classname="com.trader.scripts.HomePage"/>
  <testcase name="assertSellUsedMotorcycleWithCheckItOutButton" time="13.147" classname="com.trader.scripts.HomePage"/>
  <testcase name="traderFeedbackEmail" time="24.550" classname="com.trader.scripts.HomePage"/>
  <testcase name="topMakeLinksRedirectionAndAssertResultPage" time="193.220" classname="com.trader.scripts.HomePage"/>
  <testcase name="traderNewsletterSubscription" time="23.372" classname="com.trader.scripts.HomePage"/>
  <testcase name="searchAllIconWorkingUnderPopularTypeAndAssertResultPage" time="24.705" classname="com.trader.scripts.HomePage"/>
  <testcase name="giveUsFeedbackEmail" time="24.604" classname="com.trader.scripts.HomePage"/>
  <testcase name="assertFieldsButtonAndLinksUnderSearchTab" time="15.960" classname="com.trader.scripts.HomePage"/>
  <testcase name="assertMenuLinks" time="14.545" classname="com.trader.scripts.HomePage"/>
  <testcase name="applicationLogoRedirectionAndAssertHomePage" time="25.396" classname="com.trader.scripts.HomePage"/>
  <testcase name="assertAllSectionsInFooter" time="24.502" classname="com.trader.scripts.HomePage"/>
  <testcase name="searchWithPopularStateIconAndAssertResultPage" time="296.844" classname="com.trader.scripts.HomePage"/>
  <testcase name="menusLinksClickableAndAssertResultPage" time="104.545" classname="com.trader.scripts.HomePage">
    <failure type="java.lang.AssertionError" message="expected [true] but found [false]">
      <![CDATA[java.lang.AssertionError: expected [true] but found [false]
at org.testng.Assert.fail(Assert.java:96)
at org.testng.Assert.failNotEquals(Assert.java:776)
at org.testng.Assert.assertTrue(Assert.java:44)
at org.testng.Assert.assertTrue(Assert.java:54)
at com.trader.pagehelper.TraderMenus.assertRaceTeamPage(TraderMenus.java:121)
at com.trader.pagehelper.TraderMenus.menusLinksRedirationAndAssertResultPage(TraderMenus.java:228)
at com.trader.scripts.HomePage.menusLinksClickableAndAssertResultPage(HomePage.java:38)
at sun.reflect.NativeMethodAccessorImpl.invoke0(Native Method)
at sun.reflect.NativeMethodAccessorImpl.invoke(Unknown Source)
at sun.reflect.DelegatingMethodAccessorImpl.invoke(Unknown Source)
at java.lang.reflect.Method.invoke(Unknown Source)
at org.testng.internal.MethodInvocationHelper.invokeMethod(MethodInvocationHelper.java:124)
at org.testng.internal.Invoker.invokeMethod(Invoker.java:583)
at org.testng.internal.Invoker.invokeTestMethod(Invoker.java:719)
at org.testng.internal.Invoker.invokeTestMethods(Invoker.java:989)
at org.testng.internal.TestMethodWorker.invokeTestMethods(TestMethodWorker.java:125)
at org.testng.internal.TestMethodWorker.run(TestMethodWorker.java:109)
at org.testng.TestRunner.privateRun(TestRunner.java:648)
at org.testng.TestRunner.run(TestRunner.java:505)
at org.testng.SuiteRunner.runTest(SuiteRunner.java:455)
at org.testng.SuiteRunner.runSequentially(SuiteRunner.java:450)
at org.testng.SuiteRunner.privateRun(SuiteRunner.java:415)
at org.testng.SuiteRunner.run(SuiteRunner.java:364)
at org.testng.SuiteRunnerWorker.runSuite(SuiteRunnerWorker.java:52)
at org.testng.SuiteRunnerWorker.run(SuiteRunnerWorker.java:84)
at org.testng.TestNG.runSuitesSequentially(TestNG.java:1208)
at org.testng.TestNG.runSuitesLocally(TestNG.java:1137)
at org.testng.TestNG.runSuites(TestNG.java:1049)
at org.testng.TestNG.run(TestNG.java:1017)
at org.testng.remote.AbstractRemoteTestNG.run(AbstractRemoteTestNG.java:114)
at org.testng.remote.RemoteTestNG.initAndRun(RemoteTestNG.java:251)
at org.testng.remote.RemoteTestNG.main(RemoteTestNG.java:77)
]]>
    </failure>
  </testcase> <!-- menusLinksClickableAndAssertResultPage -->
  <testcase name="assertAllLinksUnderFooter" time="14.659" classname="com.trader.scripts.HomePage"/>
  <testcase name="clickOnSellMotorcycleTabAndAssertSellMotorcyclePage" time="18.712" classname="com.trader.scripts.HomePage"/>
  <testcase name="postForFreeButtonWorkingAndAssertResultPage" time="16.047" classname="com.trader.scripts.HomePage"/>
  <testcase name="assertStayConnectedAndGiveUsFeedbackSection" time="11.733" classname="com.trader.scripts.HomePage"/>
  <testcase name="clickOnMoreHamburgerAndAssertList" time="16.458" classname="com.trader.scripts.HomePage"/>
  <testcase name="searchWithKeywordZipCodeAndRadius" time="50.180" classname="com.trader.scripts.HomePage"/>
  <testcase name="allSocialSiteIconWorkingAndAssertResultPage" time="331.844" classname="com.trader.scripts.HomePage"/>
  <testcase name="checkItOutButtonWorkingAndAssertResultPage" time="28.238" classname="com.trader.scripts.HomePage"/>
  <testcase name="assertSellYourMotorcycleSection" time="13.180" classname="com.trader.scripts.HomePage"/>
  <testcase name="newsletterSignUpAndAssertConfirmationMessage" time="27.659" classname="com.trader.scripts.HomePage"/>
  <testcase name="topTypesLinksRedirectionAndAssertResultPage" time="199.357" classname="com.trader.scripts.HomePage"/>
</testsuite> <!-- com.trader.scripts.HomePage -->
